# JRE version: Java(TM) SE Runtime Environment (8.0_201-b09) (build 1.8.0_201-b09)
# Java VM: Java HotSpot(TM) 64-Bit Server VM (25.201-b09 mixed mode windows-amd64 compressed oops)
Heap:
 PSYoungGen      total 128000K, used 73841K [0x00000000d8580000, 0x00000000e7480000, 0x0000000100000000)
  eden space 114176K, 64% used [0x00000000d8580000,0x00000000dcd9c7e8,0x00000000df500000)
  from space 13824K, 0% used [0x00000000df500000,0x00000000df500000,0x00000000e0280000)
  to   space 15360K, 0% used [0x00000000e6580000,0x00000000e6580000,0x00000000e7480000)
 ParOldGen       total 64000K, used 19883K [0x0000000089000000, 0x000000008ce80000, 0x00000000d8580000)
  object space 64000K, 31% used [0x0000000089000000,0x000000008a36ae90,0x000000008ce80000)
 Metaspace       used 38517K, capacity 40745K, committed 40920K, reserved 1085440K
  class space    used 5411K, capacity 5838K, committed 5888K, reserved 1048576K
GC Heap History (10 events):
Event: 9.455 GC heap before
{Heap before GC invocations=5 (full 1):
 PSYoungGen      total 66560K, used 5089K [0x00000000d8580000, 0x00000000dcb80000, 0x0000000100000000)
  eden space 61440K, 0% used [0x00000000d8580000,0x00000000d8580000,0x00000000dc180000)
  from space 5120K, 99% used [0x00000000dc680000,0x00000000dcb784a0,0x00000000dcb80000)
  to   space 5120K, 0% used [0x00000000dc180000,0x00000000dc180000,0x00000000dc680000)
 ParOldGen       total 81920K, used 6323K [0x0000000089000000, 0x000000008e000000, 0x00000000d8580000)
  object space 81920K, 7% used [0x0000000089000000,0x000000008962cdf8,0x000000008e000000)
 Metaspace       used 20557K, capacity 21114K, committed 21248K, reserved 1067008K
  class space    used 2784K, capacity 2948K, committed 3072K, reserved 1048576K
Event: 9.555 GC heap after
Heap after GC invocations=5 (full 1):
 PSYoungGen      total 66560K, used 0K [0x00000000d8580000, 0x00000000dcb80000, 0x0000000100000000)
  eden space 61440K, 0% used [0x00000000d8580000,0x00000000d8580000,0x00000000dc180000)
  from space 5120K, 0% used [0x00000000dc680000,0x00000000dc680000,0x00000000dcb80000)
  to   space 5120K, 0% used [0x00000000dc180000,0x00000000dc180000,0x00000000dc680000)
 ParOldGen       total 43008K, used 5616K [0x0000000089000000, 0x000000008ba00000, 0x00000000d8580000)
  object space 43008K, 13% used [0x0000000089000000,0x000000008957c120,0x000000008ba00000)
 Metaspace       used 20556K, capacity 21108K, committed 21248K, reserved 1067008K
  class space    used 2783K, capacity 2947K, committed 3072K, reserved 1048576K
}
Event: 12.845 GC heap before
{Heap before GC invocations=6 (full 1):
 PSYoungGen      total 66560K, used 61440K [0x00000000d8580000, 0x00000000dcb80000, 0x0000000100000000)
  eden space 61440K, 100% used [0x00000000d8580000,0x00000000dc180000,0x00000000dc180000)
  from space 5120K, 0% used [0x00000000dc680000,0x00000000dc680000,0x00000000dcb80000)
  to   space 5120K, 0% used [0x00000000dc180000,0x00000000dc180000,0x00000000dc680000)
 ParOldGen       total 43008K, used 5616K [0x0000000089000000, 0x000000008ba00000, 0x00000000d8580000)
  object space 43008K, 13% used [0x0000000089000000,0x000000008957c120,0x000000008ba00000)
 Metaspace       used 24216K, capacity 25174K, committed 25344K, reserved 1071104K
  class space    used 3338K, capacity 3552K, committed 3584K, reserved 1048576K
Event: 12.891 GC heap after
Heap after GC invocations=6 (full 1):
 PSYoungGen      total 66560K, used 5099K [0x00000000d8580000, 0x00000000e0c00000, 0x0000000100000000)
  eden space 61440K, 0% used [0x00000000d8580000,0x00000000d8580000,0x00000000dc180000)
  from space 5120K, 99% used [0x00000000dc180000,0x00000000dc67acb8,0x00000000dc680000)
  to   space 9728K, 0% used [0x00000000e0280000,0x00000000e0280000,0x00000000e0c00000)
 ParOldGen       total 43008K, used 8134K [0x0000000089000000, 0x000000008ba00000, 0x00000000d8580000)
  object space 43008K, 18% used [0x0000000089000000,0x00000000897f19b8,0x000000008ba00000)
 Metaspace       used 24216K, capacity 25174K, committed 25344K, reserved 1071104K
  class space    used 3338K, capacity 3552K, committed 3584K, reserved 1048576K
}
Event: 17.380 GC heap before
{Heap before GC invocations=7 (full 1):
 PSYoungGen      total 66560K, used 66539K [0x00000000d8580000, 0x00000000e0c00000, 0x0000000100000000)
  eden space 61440K, 100% used [0x00000000d8580000,0x00000000dc180000,0x00000000dc180000)
  from space 5120K, 99% used [0x00000000dc180000,0x00000000dc67acb8,0x00000000dc680000)
  to   space 9728K, 0% used [0x00000000e0280000,0x00000000e0280000,0x00000000e0c00000)
 ParOldGen       total 43008K, used 8134K [0x0000000089000000, 0x000000008ba00000, 0x00000000d8580000)
  object space 43008K, 18% used [0x0000000089000000,0x00000000897f19b8,0x000000008ba00000)
 Metaspace       used 30686K, capacity 32144K, committed 32384K, reserved 1077248K
  class space    used 4194K, capacity 4477K, committed 4480K, reserved 1048576K
Event: 17.420 GC heap after
Heap after GC invocations=7 (full 1):
 PSYoungGen      total 123904K, used 9703K [0x00000000d8580000, 0x00000000e1280000, 0x0000000100000000)
  eden space 114176K, 0% used [0x00000000d8580000,0x00000000d8580000,0x00000000df500000)
  from space 9728K, 99% used [0x00000000e0280000,0x00000000e0bf9f20,0x00000000e0c00000)
  to   space 13824K, 0% used [0x00000000df500000,0x00000000df500000,0x00000000e0280000)
 ParOldGen       total 43008K, used 12907K [0x0000000089000000, 0x000000008ba00000, 0x00000000d8580000)
  object space 43008K, 30% used [0x0000000089000000,0x0000000089c9ad10,0x000000008ba00000)
 Metaspace       used 30686K, capacity 32144K, committed 32384K, reserved 1077248K
  class space    used 4194K, capacity 4477K, committed 4480K, reserved 1048576K
}
Event: 19.964 GC heap before
{Heap before GC invocations=8 (full 1):
 PSYoungGen      total 123904K, used 40140K [0x00000000d8580000, 0x00000000e1280000, 0x0000000100000000)
  eden space 114176K, 26% used [0x00000000d8580000,0x00000000da339150,0x00000000df500000)
  from space 9728K, 99% used [0x00000000e0280000,0x00000000e0bf9f20,0x00000000e0c00000)
  to   space 13824K, 0% used [0x00000000df500000,0x00000000df500000,0x00000000e0280000)
 ParOldGen       total 43008K, used 12907K [0x0000000089000000, 0x000000008ba00000, 0x00000000d8580000)
  object space 43008K, 30% used [0x0000000089000000,0x0000000089c9ad10,0x000000008ba00000)
 Metaspace       used 33462K, capacity 35227K, committed 35416K, reserved 1079296K
  class space    used 4655K, capacity 4992K, committed 4992K, reserved 1048576K
Event: 20.002 GC heap after
Heap after GC invocations=8 (full 1):
 PSYoungGen      total 128000K, used 13015K [0x00000000d8580000, 0x00000000e7480000, 0x0000000100000000)
  eden space 114176K, 0% used [0x00000000d8580000,0x00000000d8580000,0x00000000df500000)
  from space 13824K, 94% used [0x00000000df500000,0x00000000e01b5ff0,0x00000000e0280000)
  to   space 15360K, 0% used [0x00000000e6580000,0x00000000e6580000,0x00000000e7480000)
 ParOldGen       total 43008K, used 12915K [0x0000000089000000, 0x000000008ba00000, 0x00000000d8580000)
  object space 43008K, 30% used [0x0000000089000000,0x0000000089c9cd10,0x000000008ba00000)
 Metaspace       used 33462K, capacity 35227K, committed 35416K, reserved 1079296K
  class space    used 4655K, capacity 4992K, committed 4992K, reserved 1048576K
}
Event: 20.002 GC heap before
{Heap before GC invocations=9 (full 2):
 PSYoungGen      total 128000K, used 13015K [0x00000000d8580000, 0x00000000e7480000, 0x0000000100000000)
  eden space 114176K, 0% used [0x00000000d8580000,0x00000000d8580000,0x00000000df500000)
  from space 13824K, 94% used [0x00000000df500000,0x00000000e01b5ff0,0x00000000e0280000)
  to   space 15360K, 0% used [0x00000000e6580000,0x00000000e6580000,0x00000000e7480000)
 ParOldGen       total 43008K, used 12915K [0x0000000089000000, 0x000000008ba00000, 0x00000000d8580000)
  object space 43008K, 30% used [0x0000000089000000,0x0000000089c9cd10,0x000000008ba00000)
 Metaspace       used 33462K, capacity 35227K, committed 35416K, reserved 1079296K
  class space    used 4655K, capacity 4992K, committed 4992K, reserved 1048576K
Event: 20.143 GC heap after
Heap after GC invocations=9 (full 2):
 PSYoungGen      total 128000K, used 0K [0x00000000d8580000, 0x00000000e7480000, 0x0000000100000000)
  eden space 114176K, 0% used [0x00000000d8580000,0x00000000d8580000,0x00000000df500000)
  from space 13824K, 0% used [0x00000000df500000,0x00000000df500000,0x00000000e0280000)
  to   space 15360K, 0% used [0x00000000e6580000,0x00000000e6580000,0x00000000e7480000)
 ParOldGen       total 64000K, used 19883K [0x0000000089000000, 0x000000008ce80000, 0x00000000d8580000)
  object space 64000K, 31% used [0x0000000089000000,0x000000008a36ae90,0x000000008ce80000)
 Metaspace       used 33462K, capacity 35227K, committed 35416K, reserved 1079296K
  class space    used 4655K, capacity 4992K, committed 4992K, reserved 1048576K
}

