# JRE version: Java(TM) SE Runtime Environment (8.0_201-b09) (build 1.8.0_201-b09)
# Java VM: Java HotSpot(TM) 64-Bit Server VM (25.201-b09 mixed mode windows-amd64 compressed oops)
Heap:
 PSYoungGen      total 35840K, used 842K [0x00000000d8580000, 0x00000000dad80000, 0x0000000100000000)
  eden space 30720K, 2% used [0x00000000d8580000,0x00000000d8652b50,0x00000000da380000)
  from space 5120K, 0% used [0x00000000da380000,0x00000000da380000,0x00000000da880000)
  to   space 5120K, 0% used [0x00000000da880000,0x00000000da880000,0x00000000dad80000)
 ParOldGen       total 47616K, used 13211K [0x0000000089000000, 0x000000008be80000, 0x00000000d8580000)
  object space 47616K, 27% used [0x0000000089000000,0x0000000089ce6ce0,0x000000008be80000)
 Metaspace       used 29712K, capacity 30870K, committed 31232K, reserved 1081344K
  class space    used 4038K, capacity 4287K, committed 4352K, reserved 1048576K
GC Heap History (10 events):
Event: 11.309 GC heap before
{Heap before GC invocations=8 (full 1):
 PSYoungGen      total 35840K, used 35839K [0x00000000d8580000, 0x00000000dad80000, 0x0000000100000000)
  eden space 30720K, 100% used [0x00000000d8580000,0x00000000da380000,0x00000000da380000)
  from space 5120K, 99% used [0x00000000da880000,0x00000000dad7fc60,0x00000000dad80000)
  to   space 5120K, 0% used [0x00000000da380000,0x00000000da380000,0x00000000da880000)
 ParOldGen       total 47616K, used 6561K [0x0000000089000000, 0x000000008be80000, 0x00000000d8580000)
  object space 47616K, 13% used [0x0000000089000000,0x0000000089668628,0x000000008be80000)
 Metaspace       used 27671K, capacity 28940K, committed 29184K, reserved 1075200K
  class space    used 3791K, capacity 4063K, committed 4096K, reserved 1048576K
Event: 11.328 GC heap after
Heap after GC invocations=8 (full 1):
 PSYoungGen      total 35840K, used 5088K [0x00000000d8580000, 0x00000000dad80000, 0x0000000100000000)
  eden space 30720K, 0% used [0x00000000d8580000,0x00000000d8580000,0x00000000da380000)
  from space 5120K, 99% used [0x00000000da380000,0x00000000da878030,0x00000000da880000)
  to   space 5120K, 0% used [0x00000000da880000,0x00000000da880000,0x00000000dad80000)
 ParOldGen       total 47616K, used 12591K [0x0000000089000000, 0x000000008be80000, 0x00000000d8580000)
  object space 47616K, 26% used [0x0000000089000000,0x0000000089c4bc00,0x000000008be80000)
 Metaspace       used 27671K, capacity 28940K, committed 29184K, reserved 1075200K
  class space    used 3791K, capacity 4063K, committed 4096K, reserved 1048576K
}
Event: 11.954 GC heap before
{Heap before GC invocations=9 (full 1):
 PSYoungGen      total 35840K, used 20319K [0x00000000d8580000, 0x00000000dad80000, 0x0000000100000000)
  eden space 30720K, 49% used [0x00000000d8580000,0x00000000d945fd28,0x00000000da380000)
  from space 5120K, 99% used [0x00000000da380000,0x00000000da878030,0x00000000da880000)
  to   space 5120K, 0% used [0x00000000da880000,0x00000000da880000,0x00000000dad80000)
 ParOldGen       total 47616K, used 12591K [0x0000000089000000, 0x000000008be80000, 0x00000000d8580000)
  object space 47616K, 26% used [0x0000000089000000,0x0000000089c4bc00,0x000000008be80000)
 Metaspace       used 29873K, capacity 31142K, committed 31232K, reserved 1081344K
  class space    used 4063K, capacity 4337K, committed 4352K, reserved 1048576K
Event: 11.966 GC heap after
Heap after GC invocations=9 (full 1):
 PSYoungGen      total 35840K, used 5092K [0x00000000d8580000, 0x00000000dad80000, 0x0000000100000000)
  eden space 30720K, 0% used [0x00000000d8580000,0x00000000d8580000,0x00000000da380000)
  from space 5120K, 99% used [0x00000000da880000,0x00000000dad79040,0x00000000dad80000)
  to   space 5120K, 0% used [0x00000000da380000,0x00000000da380000,0x00000000da880000)
 ParOldGen       total 47616K, used 14203K [0x0000000089000000, 0x000000008be80000, 0x00000000d8580000)
  object space 47616K, 29% used [0x0000000089000000,0x0000000089ddedb8,0x000000008be80000)
 Metaspace       used 29873K, capacity 31142K, committed 31232K, reserved 1081344K
  class space    used 4063K, capacity 4337K, committed 4352K, reserved 1048576K
}
Event: 11.966 GC heap before
{Heap before GC invocations=10 (full 2):
 PSYoungGen      total 35840K, used 5092K [0x00000000d8580000, 0x00000000dad80000, 0x0000000100000000)
  eden space 30720K, 0% used [0x00000000d8580000,0x00000000d8580000,0x00000000da380000)
  from space 5120K, 99% used [0x00000000da880000,0x00000000dad79040,0x00000000dad80000)
  to   space 5120K, 0% used [0x00000000da380000,0x00000000da380000,0x00000000da880000)
 ParOldGen       total 47616K, used 14203K [0x0000000089000000, 0x000000008be80000, 0x00000000d8580000)
  object space 47616K, 29% used [0x0000000089000000,0x0000000089ddedb8,0x000000008be80000)
 Metaspace       used 29873K, capacity 31142K, committed 31232K, reserved 1081344K
  class space    used 4063K, capacity 4337K, committed 4352K, reserved 1048576K
Event: 12.100 GC heap after
Heap after GC invocations=10 (full 2):
 PSYoungGen      total 35840K, used 0K [0x00000000d8580000, 0x00000000dad80000, 0x0000000100000000)
  eden space 30720K, 0% used [0x00000000d8580000,0x00000000d8580000,0x00000000da380000)
  from space 5120K, 0% used [0x00000000da880000,0x00000000da880000,0x00000000dad80000)
  to   space 5120K, 0% used [0x00000000da380000,0x00000000da380000,0x00000000da880000)
 ParOldGen       total 47616K, used 15177K [0x0000000089000000, 0x000000008be80000, 0x00000000d8580000)
  object space 47616K, 31% used [0x0000000089000000,0x0000000089ed2580,0x000000008be80000)
 Metaspace       used 29873K, capacity 31142K, committed 31232K, reserved 1079296K
  class space    used 4063K, capacity 4337K, committed 4352K, reserved 1048576K
}
Event: 12.100 GC heap before
{Heap before GC invocations=11 (full 2):
 PSYoungGen      total 35840K, used 0K [0x00000000d8580000, 0x00000000dad80000, 0x0000000100000000)
  eden space 30720K, 0% used [0x00000000d8580000,0x00000000d8580000,0x00000000da380000)
  from space 5120K, 0% used [0x00000000da880000,0x00000000da880000,0x00000000dad80000)
  to   space 5120K, 0% used [0x00000000da380000,0x00000000da380000,0x00000000da880000)
 ParOldGen       total 47616K, used 15177K [0x0000000089000000, 0x000000008be80000, 0x00000000d8580000)
  object space 47616K, 31% used [0x0000000089000000,0x0000000089ed2580,0x000000008be80000)
 Metaspace       used 29873K, capacity 31142K, committed 31232K, reserved 1083392K
  class space    used 4063K, capacity 4337K, committed 4352K, reserved 1048576K
Event: 12.102 GC heap after
Heap after GC invocations=11 (full 2):
 PSYoungGen      total 35840K, used 0K [0x00000000d8580000, 0x00000000dad80000, 0x0000000100000000)
  eden space 30720K, 0% used [0x00000000d8580000,0x00000000d8580000,0x00000000da380000)
  from space 5120K, 0% used [0x00000000da380000,0x00000000da380000,0x00000000da880000)
  to   space 5120K, 0% used [0x00000000da880000,0x00000000da880000,0x00000000dad80000)
 ParOldGen       total 47616K, used 15177K [0x0000000089000000, 0x000000008be80000, 0x00000000d8580000)
  object space 47616K, 31% used [0x0000000089000000,0x0000000089ed2580,0x000000008be80000)
 Metaspace       used 29873K, capacity 31142K, committed 31232K, reserved 1083392K
  class space    used 4063K, capacity 4337K, committed 4352K, reserved 1048576K
}
Event: 12.102 GC heap before
{Heap before GC invocations=12 (full 3):
 PSYoungGen      total 35840K, used 0K [0x00000000d8580000, 0x00000000dad80000, 0x0000000100000000)
  eden space 30720K, 0% used [0x00000000d8580000,0x00000000d8580000,0x00000000da380000)
  from space 5120K, 0% used [0x00000000da380000,0x00000000da380000,0x00000000da880000)
  to   space 5120K, 0% used [0x00000000da880000,0x00000000da880000,0x00000000dad80000)
 ParOldGen       total 47616K, used 15177K [0x0000000089000000, 0x000000008be80000, 0x00000000d8580000)
  object space 47616K, 31% used [0x0000000089000000,0x0000000089ed2580,0x000000008be80000)
 Metaspace       used 29873K, capacity 31142K, committed 31232K, reserved 1083392K
  class space    used 4063K, capacity 4337K, committed 4352K, reserved 1048576K
Event: 12.242 GC heap after
Heap after GC invocations=12 (full 3):
 PSYoungGen      total 35840K, used 0K [0x00000000d8580000, 0x00000000dad80000, 0x0000000100000000)
  eden space 30720K, 0% used [0x00000000d8580000,0x00000000d8580000,0x00000000da380000)
  from space 5120K, 0% used [0x00000000da380000,0x00000000da380000,0x00000000da880000)
  to   space 5120K, 0% used [0x00000000da880000,0x00000000da880000,0x00000000dad80000)
 ParOldGen       total 47616K, used 13211K [0x0000000089000000, 0x000000008be80000, 0x00000000d8580000)
  object space 47616K, 27% used [0x0000000089000000,0x0000000089ce6ce0,0x000000008be80000)
 Metaspace       used 29701K, capacity 30870K, committed 31232K, reserved 1079296K
  class space    used 4036K, capacity 4287K, committed 4352K, reserved 1048576K
}

